0 silly input [ 'test' ]
1 silly flags { _: [ 'run' ],
1 silly flags   'reject-cycles': false,
1 silly flags   rejectCycles: false,
1 silly flags   script: 'test',
1 silly flags   args: [] }
2 verbose rootPath /Users/fvoigt/workspace/openintegrationhub
3 info version 2.11.0
4 silly existsSync /Users/fvoigt/workspace/openintegrationhub/VERSION
5 silly initialize attempt
6 silly initialize success
7 silly execute attempt
8 silly runScriptInDir test [] communication-router
9 silly getExecOpts { cwd: '/Users/fvoigt/workspace/openintegrationhub/services/communication-router' }
10 silly runScriptInDir test [] flows-operator
11 silly getExecOpts { cwd: '/Users/fvoigt/workspace/openintegrationhub/services/flows-operator' }
12 silly runScriptInDir test [] iam
13 silly getExecOpts { cwd: '/Users/fvoigt/workspace/openintegrationhub/services/iam' }
14 silly runScriptInDir test [] scheduler
15 silly getExecOpts { cwd: '/Users/fvoigt/workspace/openintegrationhub/services/scheduler' }
16 error test Errored while running script in 'flow-operator'
17 error execute callback with error
18 error Error: Command failed: npm run test
18 error npm ERR! code ELIFECYCLE
18 error npm ERR! errno 1
18 error npm ERR! flow-operator@1.0.0 test: `echo "Error: no test specified" && exit 1`
18 error npm ERR! Exit status 1
18 error npm ERR!
18 error npm ERR! Failed at the flow-operator@1.0.0 test script.
18 error npm ERR! This is probably not a problem with npm. There is likely additional logging output above.
18 error
18 error npm ERR! A complete log of this run can be found in:
18 error npm ERR!     /Users/fvoigt/.npm/_logs/2018-09-10T07_26_21_614Z-debug.log
18 error
18 error > flow-operator@1.0.0 test /Users/fvoigt/workspace/openintegrationhub/services/flows-operator
18 error > echo "Error: no test specified" && exit 1
18 error
18 error Error: no test specified
18 error
18 error     at Promise.all.then.arr (/Users/fvoigt/workspace/openintegrationhub/node_modules/lerna/node_modules/execa/index.js:236:11)
18 error     at <anonymous>
